[    0.000000] Initializing cgroup subsys cpuset
[    0.000000] Initializing cgroup subsys cpu
[    0.000000] Initializing cgroup subsys cpuacct
[    0.000000] Linux version 4.4.0-210-generic (buildd@lgw01-amd64-009) (gcc version 5.4.0 20160609 (Ubuntu 5.4.0-6ubuntu1~16.04.12) ) #242-Ubuntu SMP Fri Apr 16 09:57:56 UTC 2021 (Ubuntu 4.4.0-210.242-generic 4.4.262)
[    0.000000] Command line: BOOT_IMAGE=/boot/vmlinuz-4.4.0-210-generic root=LABEL=cloudimg-rootfs ro console=tty1 console=ttyS0
[    0.000000] KERNEL supported cpus:
[    0.000000]   Intel GenuineIntel
[    0.000000]   AMD AuthenticAMD
[    0.000000]   Centaur CentaurHauls
[    0.000000] x86/fpu: xstate_offset[2]:  576, xstate_sizes[2]:  256
[    0.000000] x86/fpu: Supporting XSAVE feature 0x01: 'x87 floating point registers'
[    0.000000] x86/fpu: Supporting XSAVE feature 0x02: 'SSE registers'
[    0.000000] x86/fpu: Supporting XSAVE feature 0x04: 'AVX registers'
[    0.000000] x86/fpu: Enabled xstate features 0x7, context size is 832 bytes, using 'standard' format.
[    0.000000] e820: BIOS-provided physical RAM map:
[    0.000000] BIOS-e820: [mem 0x0000000000000000-0x000000000009fbff] usable
[    0.000000] BIOS-e820: [mem 0x000000000009fc00-0x000000000009ffff] reserved
[    0.000000] BIOS-e820: [mem 0x00000000000f0000-0x00000000000fffff] reserved
[    0.000000] BIOS-e820: [mem 0x0000000000100000-0x0000000063feffff] usable
[    0.000000] BIOS-e820: [mem 0x0000000063ff0000-0x0000000063ffffff] ACPI data
[    0.000000] BIOS-e820: [mem 0x00000000fec00000-0x00000000fec00fff] reserved
[    0.000000] BIOS-e820: [mem 0x00000000fee00000-0x00000000fee00fff] reserved
[    0.000000] BIOS-e820: [mem 0x00000000fffc0000-0x00000000ffffffff] reserved
[    0.000000] NX (Execute Disable) protection: active
[    0.000000] SMBIOS 2.5 present.
[    0.000000] Hypervisor detected: KVM
[    0.000000] e820: last_pfn = 0x63ff0 max_arch_pfn = 0x400000000
[    0.000000] MTRR: Disabled
[    0.000000] x86/PAT: MTRRs disabled, skipping PAT initialization too.
[    0.000000] CPU MTRRs all blank - virtualized system.
[    0.000000] x86/PAT: Configuration [0-7]: WB  WT  UC- UC  WB  WT  UC- UC  
[    0.000000] found SMP MP-table at [mem 0x0009fff0-0x0009ffff] mapped at [ffff88000009fff0]
[    0.000000] Scanning 1 areas for low memory corruption
[    0.000000] RAMDISK: [mem 0x362dc000-0x37165fff]
[    0.000000] ACPI: Early table checksum verification disabled
[    0.000000] ACPI: RSDP 0x00000000000E0000 000024 (v02 VBOX  )
[    0.000000] ACPI: XSDT 0x0000000063FF0030 00003C (v01 VBOX   VBOXXSDT 00000001 ASL  00000061)
[    0.000000] ACPI: FACP 0x0000000063FF00F0 0000F4 (v04 VBOX   VBOXFACP 00000001 ASL  00000061)
[    0.000000] ACPI: DSDT 0x0000000063FF0470 002325 (v02 VBOX   VBOXBIOS 00000002 INTL 20190509)
[    0.000000] ACPI: FACS 0x0000000063FF0200 000040
[    0.000000] ACPI: FACS 0x0000000063FF0200 000040
[    0.000000] ACPI: APIC 0x0000000063FF0240 00005C (v02 VBOX   VBOXAPIC 00000001 ASL  00000061)
[    0.000000] ACPI: SSDT 0x0000000063FF02A0 0001CC (v01 VBOX   VBOXCPUT 00000002 INTL 20190509)
[    0.000000] No NUMA configuration found
[    0.000000] Faking a node at [mem 0x0000000000000000-0x0000000063feffff]
[    0.000000] NODE_DATA(0) allocated [mem 0x63feb000-0x63feffff]
[    0.000000] kvm-clock: Using msrs 4b564d01 and 4b564d00
[    0.000000] kvm-clock: cpu 0, msr 0:63fe3001, primary cpu clock
[    0.000000] kvm-clock: using sched offset of 3685982097 cycles
[    0.000000] clocksource: kvm-clock: mask: 0xffffffffffffffff max_cycles: 0x1cd42e4dffb, max_idle_ns: 881590591483 ns
[    0.000000] Zone ranges:
[    0.000000]   DMA      [mem 0x0000000000001000-0x0000000000ffffff]
[    0.000000]   DMA32    [mem 0x0000000001000000-0x0000000063feffff]
[    0.000000]   Normal   empty
[    0.000000]   Device   empty
[    0.000000] Movable zone start for each node
[    0.000000] Early memory node ranges
[    0.000000]   node   0: [mem 0x0000000000001000-0x000000000009efff]
[    0.000000]   node   0: [mem 0x0000000000100000-0x0000000063feffff]
[    0.000000] Initmem setup node 0 [mem 0x0000000000001000-0x0000000063feffff]
[    0.000000] ACPI: PM-Timer IO Port: 0x4008
[    0.000000] IOAPIC[0]: apic_id 2, version 32, address 0xfec00000, GSI 0-23
[    0.000000] ACPI: INT_SRC_OVR (bus 0 bus_irq 0 global_irq 2 dfl dfl)
[    0.000000] ACPI: INT_SRC_OVR (bus 0 bus_irq 9 global_irq 9 low level)
[    0.000000] Using ACPI (MADT) for SMP configuration information
[    0.000000] smpboot: Allowing 2 CPUs, 0 hotplug CPUs
[    0.000000] PM: Registered nosave memory: [mem 0x00000000-0x00000fff]
[    0.000000] PM: Registered nosave memory: [mem 0x0009f000-0x0009ffff]
[    0.000000] PM: Registered nosave memory: [mem 0x000a0000-0x000effff]
[    0.000000] PM: Registered nosave memory: [mem 0x000f0000-0x000fffff]
[    0.000000] e820: [mem 0x64000000-0xfebfffff] available for PCI devices
[    0.000000] Booting paravirtualized kernel on KVM
[    0.000000] clocksource: refined-jiffies: mask: 0xffffffff max_cycles: 0xffffffff, max_idle_ns: 7645519600211568 ns
[    0.000000] setup_percpu: NR_CPUS:512 nr_cpumask_bits:512 nr_cpu_ids:2 nr_node_ids:1
[    0.000000] PERCPU: Embedded 33 pages/cpu @ffff880063c00000 s95192 r8192 d31784 u1048576
[    0.000000] Built 1 zonelists in Node order, mobility grouping on.  Total pages: 403064
[    0.000000] Policy zone: DMA32
[    0.000000] Kernel command line: BOOT_IMAGE=/boot/vmlinuz-4.4.0-210-generic root=LABEL=cloudimg-rootfs ro console=tty1 console=ttyS0
[    0.000000] PID hash table entries: 4096 (order: 3, 32768 bytes)
[    0.000000] Memory: 1577376K/1637944K available (8644K kernel code, 1332K rwdata, 4044K rodata, 1492K init, 1164K bss, 60568K reserved, 0K cma-reserved)
[    0.000000] SLUB: HWalign=64, Order=0-3, MinObjects=0, CPUs=2, Nodes=1
[    0.000000] Kernel/User page tables isolation: enabled
[    0.000000] Hierarchical RCU implementation.
[    0.000000] 	Build-time adjustment of leaf fanout to 64.
[    0.000000] 	RCU restricting CPUs from NR_CPUS=512 to nr_cpu_ids=2.
[    0.000000] RCU: Adjusting geometry for rcu_fanout_leaf=64, nr_cpu_ids=2
[    0.000000] NR_IRQS:33024 nr_irqs:440 16
[    0.000000] Console: colour VGA+ 80x25
[    0.000000] console [tty1] enabled
[    0.000000] console [ttyS0] enabled
[    0.000000] tsc: Detected 1512.003 MHz processor
[    0.837862] Calibrating delay loop (skipped) preset value.. 3024.00 BogoMIPS (lpj=6048012)
[    0.851209] pid_max: default: 32768 minimum: 301
[    0.859154] ACPI: Core revision 20150930
[    0.870334] ACPI: 2 ACPI AML tables successfully acquired and loaded
[    0.880295] Security Framework initialized
[    0.886146] Yama: becoming mindful.
[    0.891389] AppArmor: AppArmor initialized
[    0.899645] Dentry cache hash table entries: 262144 (order: 9, 2097152 bytes)
[    0.910702] Inode-cache hash table entries: 131072 (order: 8, 1048576 bytes)
[    0.924976] Mount-cache hash table entries: 4096 (order: 3, 32768 bytes)
[    0.934992] Mountpoint-cache hash table entries: 4096 (order: 3, 32768 bytes)
[    0.947726] Initializing cgroup subsys io
[    0.954407] Initializing cgroup subsys memory
[    0.960704] Initializing cgroup subsys devices
[    0.971386] Initializing cgroup subsys freezer
[    0.979443] Initializing cgroup subsys net_cls
[    0.986666] Initializing cgroup subsys perf_event
[    0.993553] Initializing cgroup subsys net_prio
[    1.002905] Initializing cgroup subsys hugetlb
[    1.010255] Initializing cgroup subsys pids
[    1.037969] mce: CPU supports 0 MCE banks
[    1.046718] Last level iTLB entries: 4KB 64, 2MB 8, 4MB 8
[    1.060346] Last level dTLB entries: 4KB 64, 2MB 0, 4MB 0, 1GB 4
[    1.074444] Spectre V1 : Mitigation: usercopy/swapgs barriers and __user pointer sanitization
[    1.094911] Spectre V2 : Mitigation: Full generic retpoline
[    1.108381] Spectre V2 : Spectre v2 / SpectreRSB mitigation: Filling RSB on context switch
[    1.116981] Speculative Store Bypass: Vulnerable
[    1.120784] SRBDS: Unknown: Dependent on hypervisor status
[    1.125418] MDS: Mitigation: Clear CPU buffers
[    1.137222] Freeing SMP alternatives memory: 36K
[    1.152757] ftrace: allocating 32380 entries in 127 pages
[    1.261085] smpboot: APIC(0) Converting physical 0 to logical package 0
[    1.272414] smpboot: Max logical packages: 1
[    1.279014] x2apic enabled
[    1.283718] Switched APIC routing to physical x2apic.
[    1.293800] ..TIMER: vector=0x30 apic1=0 pin1=2 apic2=-1 pin2=-1
[    1.411571] smpboot: CPU0: Intel(R) Core(TM) m5-6Y57 CPU @ 1.10GHz (family: 0x6, model: 0x4e, stepping: 0x3)
[    1.422181] Performance Events: unsupported p6 CPU model 78 no PMU driver, software events only.
[    1.446048] KVM setup paravirtual spinlock
[    1.452437] x86: Booting SMP configuration:
[    1.456832] .... node  #0, CPUs:      #1
[    1.460781] kvm-clock: cpu 1, msr 0:63fe3041, secondary cpu clock
[    1.493920] mce: CPU supports 0 MCE banks
[    1.504343] x86: Booted up 1 node, 2 CPUs
[    1.513742] smpboot: Total of 2 processors activated (6048.01 BogoMIPS)
[    1.527242] devtmpfs: initialized
[    1.536751] evm: security.selinux
[    1.543846] evm: security.SMACK64
[    1.550971] evm: security.SMACK64EXEC
[    1.558961] evm: security.SMACK64TRANSMUTE
[    1.565691] evm: security.SMACK64MMAP
[    1.572106] evm: security.ima
[    1.576597] evm: security.capability
[    1.582052] clocksource: jiffies: mask: 0xffffffff max_cycles: 0xffffffff, max_idle_ns: 7645041785100000 ns
[    1.592441] futex hash table entries: 512 (order: 3, 32768 bytes)
[    1.600249] pinctrl core: initialized pinctrl subsystem
[    1.608485] RTC time:  5:05:30, date: 12/07/22
[    1.615712] NET: Registered protocol family 16
[    1.640376] cpuidle: using governor ladder
[    1.656506] cpuidle: using governor menu
[    1.661703] PCCT header not found.
[    1.666767] ACPI: bus type PCI registered
[    1.671565] acpiphp: ACPI Hot Plug PCI Controller Driver version: 0.5
[    1.678815] PCI: Using configuration type 1 for base access
[    1.701483] ACPI: Added _OSI(Module Device)
[    1.722176] ACPI: Added _OSI(Processor Device)
[    1.747053] ACPI: Added _OSI(3.0 _SCP Extensions)
[    1.770385] ACPI: Added _OSI(Processor Aggregator Device)
[    1.783700] ACPI: Executed 1 blocks of module-level executable AML code
[    1.797180] ACPI: Interpreter enabled
[    1.802115] ACPI: (supports S0 S5)
[    1.807425] ACPI: Using IOAPIC for interrupt routing
[    1.814622] PCI: Using host bridge windows from ACPI; if necessary, use "pci=nocrs" and report a bug
[    1.829097] ACPI: PCI Root Bridge [PCI0] (domain 0000 [bus 00-ff])
[    1.833607] acpi PNP0A03:00: _OSC: OS supports [ASPM ClockPM Segments MSI]
[    1.840371] acpi PNP0A03:00: _OSC: not requesting OS control; OS requires [ExtendedConfig ASPM ClockPM MSI]
[    1.845625] acpi PNP0A03:00: fail to add MMCONFIG information, can't access extended PCI configuration space under this bridge.
[    1.854407] PCI host bridge to bus 0000:00
[    1.859540] pci_bus 0000:00: root bus resource [io  0x0000-0x0cf7 window]
[    1.863803] pci_bus 0000:00: root bus resource [io  0x0d00-0xffff window]
[    1.867497] pci_bus 0000:00: root bus resource [mem 0x000a0000-0x000bffff window]
[    1.871974] pci_bus 0000:00: root bus resource [mem 0x64000000-0xfdffffff window]
[    1.877366] pci_bus 0000:00: root bus resource [bus 00-ff]
[    1.882024] pci 0000:00:01.1: legacy IDE quirk: reg 0x10: [io  0x01f0-0x01f7]
[    1.885056] pci 0000:00:01.1: legacy IDE quirk: reg 0x14: [io  0x03f6]
[    1.888120] pci 0000:00:01.1: legacy IDE quirk: reg 0x18: [io  0x0170-0x0177]
[    1.909999] pci 0000:00:01.1: legacy IDE quirk: reg 0x1c: [io  0x0376]
[    1.937772] pci 0000:00:07.0: quirk: [io  0x4000-0x403f] claimed by PIIX4 ACPI
[    1.943483] pci 0000:00:07.0: quirk: [io  0x4100-0x410f] claimed by PIIX4 SMB
[    1.966830] ACPI: PCI Interrupt Link [LNKA] (IRQs 5 9 10 *11)
[    1.973766] ACPI: PCI Interrupt Link [LNKB] (IRQs 5 9 *10 11)
[    1.980003] ACPI: PCI Interrupt Link [LNKC] (IRQs 5 *9 10 11)
[    1.986822] ACPI: PCI Interrupt Link [LNKD] (IRQs 5 9 10 *11)
[    1.992483] ACPI: Enabled 2 GPEs in block 00 to 07
[    1.996039] vgaarb: setting as boot device: PCI:0000:00:02.0
[    2.000557] vgaarb: device added: PCI:0000:00:02.0,decodes=io+mem,owns=io+mem,locks=none
[    2.004925] vgaarb: loaded
[    2.006522] vgaarb: bridge control possible 0000:00:02.0
[    2.009976] SCSI subsystem initialized
[    2.012209] ACPI: bus type USB registered
[    2.014421] usbcore: registered new interface driver usbfs
[    2.016860] usbcore: registered new interface driver hub
[    2.020950] usbcore: registered new device driver usb
[    2.023633] PCI: Using ACPI for IRQ routing
[    2.026252] NetLabel: Initializing
[    2.029024] NetLabel:  domain hash size = 128
[    2.033698] NetLabel:  protocols = UNLABELED CIPSOv4
[    2.039508] NetLabel:  unlabeled traffic allowed by default
[    2.045224] amd_nb: Cannot enumerate AMD northbridges
[    2.051123] clocksource: Switched to clocksource kvm-clock
[    2.067297] AppArmor: AppArmor Filesystem Enabled
[    2.073883] pnp: PnP ACPI init
[    2.079515] pnp: PnP ACPI: found 3 devices
[    2.097432] clocksource: acpi_pm: mask: 0xffffff max_cycles: 0xffffff, max_idle_ns: 2085701024 ns
[    2.110649] NET: Registered protocol family 2
[    2.116577] TCP established hash table entries: 16384 (order: 5, 131072 bytes)
[    2.126511] TCP bind hash table entries: 16384 (order: 6, 262144 bytes)
[    2.144806] TCP: Hash tables configured (established 16384 bind 16384)
[    2.161926] UDP hash table entries: 1024 (order: 3, 32768 bytes)
[    2.177743] UDP-Lite hash table entries: 1024 (order: 3, 32768 bytes)
[    2.197300] NET: Registered protocol family 1
[    2.211063] pci 0000:00:00.0: Limiting direct PCI/PCI transfers
[    2.232956] pci 0000:00:01.0: Activating ISA DMA hang workarounds
[    2.252793] Unpacking initramfs...
[    2.564082] Freeing initrd memory: 14888K
[    2.567276] clocksource: tsc: mask: 0xffffffffffffffff max_cycles: 0x15cb6d72ded, max_idle_ns: 440795218211 ns
[    2.573537] platform rtc_cmos: registered platform RTC device (no PNP device found)
[    2.578572] Scanning for low memory corruption every 60 seconds
[    2.584744] audit: initializing netlink subsys (disabled)
[    2.590174] audit: type=2000 audit(1670389535.718:1): initialized
[    2.597031] Initialise system trusted keyring
[    2.600997] HugeTLB registered 2 MB page size, pre-allocated 0 pages
[    2.608178] zbud: loaded
[    2.613311] VFS: Disk quotas dquot_6.6.0
[    2.618508] VFS: Dquot-cache hash table entries: 512 (order 0, 4096 bytes)
[    2.627311] squashfs: version 4.0 (2009/01/31) Phillip Lougher
[    2.635841] fuse init (API version 7.23)
[    2.642413] Key type big_key registered
[    2.649291] Allocating IMA MOK and blacklist keyrings.
[    2.659117] Key type asymmetric registered
[    2.665246] Asymmetric key parser 'x509' registered
[    2.672477] Block layer SCSI generic (bsg) driver version 0.4 loaded (major 249)
[    2.684300] io scheduler noop registered
[    2.690925] io scheduler deadline registered (default)
[    2.700461] io scheduler cfq registered
[    2.707024] pci_hotplug: PCI Hot Plug PCI Core version: 0.5
[    2.715745] pciehp: PCI Express Hot Plug Controller Driver version: 0.4
[    2.725942] ACPI: AC Adapter [AC] (on-line)
[    2.731442] input: Power Button as /devices/LNXSYSTM:00/LNXPWRBN:00/input/input0
[    2.740796] ACPI: Power Button [PWRF]
[    2.744895] input: Sleep Button as /devices/LNXSYSTM:00/LNXSLPBN:00/input/input1
[    2.751635] ACPI: Sleep Button [SLPF]
[    2.773193] ACPI: Battery Slot [BAT0] (battery present)
[    2.779266] GHES: HEST is not enabled!
[    2.783491] Serial: 8250/16550 driver, 32 ports, IRQ sharing enabled
[    2.812931] 00:02: ttyS0 at I/O 0x3f8 (irq = 4, base_baud = 115200) is a 16550A
[    2.831564] Linux agpgart interface v0.103
[    2.839176] loop: module loaded
[    2.843917] scsi host0: ata_piix
[    2.847171] scsi host1: ata_piix
[    2.852647] ata1: PATA max UDMA/33 cmd 0x1f0 ctl 0x3f6 bmdma 0xd000 irq 14
[    2.863242] ata2: PATA max UDMA/33 cmd 0x170 ctl 0x376 bmdma 0xd008 irq 15
[    2.873815] libphy: Fixed MDIO Bus: probed
[    2.879503] tun: Universal TUN/TAP device driver, 1.6
[    2.887398] tun: (C) 1999-2004 Max Krasnyansky <maxk@qualcomm.com>
[    2.898265] PPP generic driver version 2.4.2
[    2.903464] ehci_hcd: USB 2.0 'Enhanced' Host Controller (EHCI) Driver
[    2.910592] ehci-pci: EHCI PCI platform driver
[    2.915876] ehci-platform: EHCI generic platform driver
[    2.921590] ohci_hcd: USB 1.1 'Open' Host Controller (OHCI) Driver
[    2.927492] ohci-pci: OHCI PCI platform driver
[    2.931537] ohci-platform: OHCI generic platform driver
[    2.935711] uhci_hcd: USB Universal Host Controller Interface driver
[    2.939631] i8042: PNP: PS/2 Controller [PNP0303:PS2K,PNP0f03:PS2M] at 0x60,0x64 irq 1,12
[    2.947826] serio: i8042 KBD port at 0x60,0x64 irq 1
[    2.952979] serio: i8042 AUX port at 0x60,0x64 irq 12
[    2.958250] mousedev: PS/2 mouse device common for all mice
[    2.967728] input: AT Translated Set 2 keyboard as /devices/platform/i8042/serio0/input/input2
[    2.974349] rtc_cmos rtc_cmos: rtc core: registered rtc_cmos as rtc0
[    2.977457] rtc_cmos rtc_cmos: alarms up to one day, 114 bytes nvram
[    2.980467] i2c /dev entries driver
[    2.983351] device-mapper: uevent: version 1.0.3
[    2.987678] device-mapper: ioctl: 4.34.0-ioctl (2015-10-28) initialised: dm-devel@redhat.com
[    3.000322] ledtrig-cpu: registered to indicate activity on CPUs
[    3.007110] NET: Registered protocol family 10
[    3.011995] NET: Registered protocol family 17
[    3.016722] Key type dns_resolver registered
[    3.021730] registered taskstats version 1
[    3.025534] Loading compiled-in X.509 certificates
[    3.042968] Loaded X.509 cert 'Build time autogenerated kernel key: cf00e047681d67edb2720680708b7d9498083038'
[    3.052699] zswap: loaded using pool lzo/zbud
[    3.059840] Key type trusted registered
[    3.068421] Key type encrypted registered
[    3.072992] AppArmor: AppArmor sha1 policy hashing enabled
[    3.078739] ima: No TPM chip found, activating TPM-bypass!
[    3.082975] ima: Allocated hash algorithm: sha1
[    3.085809] evm: HMAC attrs: 0x1
[    3.088856]   Magic number: 2:603:61
[    3.091531] rtc_cmos rtc_cmos: setting system clock to 2022-12-07 05:05:31 UTC (1670389531)
[    3.097482] BIOS EDD facility v0.16 2004-Jun-25, 0 devices found
[    3.101299] EDD information not available.
[    3.106796] Freeing unused kernel memory: 1492K
[    3.119366] Write protecting the kernel read-only data: 14336k
[    3.125544] Freeing unused kernel memory: 1584K
[    3.129452] Freeing unused kernel memory: 52K
Loading, please wait...
starting version 229
[    3.159078] random: systemd-udevd: uninitialized urandom read (16 bytes read, 5 bits of entropy available)
[    3.161256] random: udevadm: uninitialized urandom read (16 bytes read, 5 bits of entropy available)
[    3.161309] random: udevadm: uninitialized urandom read (16 bytes read, 5 bits of entropy available)
[    3.182792] random: udevadm: uninitialized urandom read (16 bytes read, 5 bits of entropy available)
[    3.182889] random: udevadm: uninitialized urandom read (16 bytes read, 5 bits of entropy available)
[    3.183312] random: udevadm: uninitialized urandom read (16 bytes read, 5 bits of entropy available)
[    3.183436] random: udevadm: uninitialized urandom read (16 bytes read, 5 bits of entropy available)
[    3.183564] random: udevadm: uninitialized urandom read (16 bytes read, 5 bits of entropy available)
[    3.183686] random: udevadm: uninitialized urandom read (16 bytes read, 5 bits of entropy available)
[    3.183803] random: udevadm: uninitialized urandom read (16 bytes read, 5 bits of entropy available)
[    3.384200] e1000: Intel(R) PRO/1000 Network Driver - version 7.3.21-k8-NAPI
[    3.393811] e1000: Copyright (c) 1999-2006 Intel Corporation.
[    3.405960] Fusion MPT base driver 3.04.20
[    3.410165] Copyright (c) 1999-2008 LSI Corporation
[    3.452765] Fusion MPT SPI Host driver 3.04.20
[    3.459031] AVX2 version of gcm_enc/dec engaged.
[    3.461959] AES CTR mode by8 optimization enabled
[    3.499425] mptbase: ioc0: Initiating bringup
[    3.599622] ioc0: LSI53C1030 A0: Capabilities={Initiator}
[    4.313247] input: ImExPS/2 Generic Explorer Mouse as /devices/platform/i8042/serio1/input/input4
[    5.260576] scsi host2: ioc0: LSI53C1030 A0, FwRev=00000000h, Ports=1, MaxQ=256, IRQ=20
[    6.305514] scsi 2:0:0:0: Direct-Access     VBOX     HARDDISK         1.0  PQ: 0 ANSI: 5
[    6.369194] scsi target2:0:0: Beginning Domain Validation
[    6.415005] scsi target2:0:0: Domain Validation skipping write tests
[    6.430738] scsi target2:0:0: Ending Domain Validation
[    6.441043] scsi target2:0:0: asynchronous
[    6.448599] scsi 2:0:1:0: Direct-Access     VBOX     HARDDISK         1.0  PQ: 0 ANSI: 5
[    6.461872] scsi target2:0:1: Beginning Domain Validation
[    6.480931] scsi target2:0:1: Domain Validation skipping write tests
[    6.488910] scsi target2:0:1: Ending Domain Validation
[    6.495638] scsi target2:0:1: asynchronous
[    6.512757] sd 2:0:0:0: Attached scsi generic sg0 type 0
[    6.543535] sd 2:0:0:0: [sda] 83886080 512-byte logical blocks: (42.9 GB/40.0 GiB)
[    6.554730] sd 2:0:0:0: [sda] Write Protect is off
[    6.562339] sd 2:0:1:0: [sdb] 20480 512-byte logical blocks: (10.5 MB/10.0 MiB)
[    6.573452] sd 2:0:1:0: Attached scsi generic sg1 type 0
[    6.581613] sd 2:0:0:0: [sda] Incomplete mode parameter data
[    6.590400] sd 2:0:0:0: [sda] Assuming drive cache: write through
[    6.599169] sd 2:0:1:0: [sdb] Write Protect is off
[    6.605302] sd 2:0:1:0: [sdb] Incomplete mode parameter data
[    6.613844] sd 2:0:1:0: [sdb] Assuming drive cache: write through
[    6.624741]  sda: sda1
[    6.636953] sd 2:0:1:0: [sdb] Attached SCSI disk
[    6.648048] sd 2:0:0:0: [sda] Attached SCSI disk
[    6.845794] e1000 0000:00:03.0 eth0: (PCI:33MHz:32-bit) 02:be:82:6b:cc:1d
[    6.852779] e1000 0000:00:03.0 eth0: Intel(R) PRO/1000 Network Connection
[    7.254664] e1000 0000:00:08.0 eth1: (PCI:33MHz:32-bit) 08:00:27:a4:90:35
[    7.267172] e1000 0000:00:08.0 eth1: Intel(R) PRO/1000 Network Connection
[    7.278220] e1000 0000:00:08.0 enp0s8: renamed from eth1
[    7.304478] e1000 0000:00:03.0 enp0s3: renamed from eth0
Begin: Loading essential drivers ... [    9.213576] md: linear personality registered for level -1
[    9.221141] md: multipath personality registered for level -4
[    9.229188] md: raid0 personality registered for level 0
[    9.237976] md: raid1 personality registered for level 1
[    9.327471] raid6: sse2x1   gen()  7777 MB/s
[    9.404919] raid6: sse2x1   xor()  6772 MB/s
[    9.495868] raid6: sse2x2   gen()  9963 MB/s
[    9.579160] raid6: sse2x2   xor()  8309 MB/s
[    9.663086] raid6: sse2x4   gen()  9812 MB/s
[    9.735800] raid6: sse2x4   xor()  4998 MB/s
[    9.811452] raid6: avx2x1   gen() 14515 MB/s
[    9.889238] raid6: avx2x2   gen() 20270 MB/s
[    9.971301] raid6: avx2x4   gen() 19629 MB/s
[    9.974301] raid6: using algorithm avx2x2 gen() 20270 MB/s
[    9.980022] raid6: using avx2x2 recovery algorithm
[    9.987523] xor: automatically using best checksumming function:
[   10.035209]    avx       : 17133.000 MB/sec
[   10.041198] async_tx: api initialized (async)
[   10.056513] md: raid6 personality registered for level 6
[   10.063545] md: raid5 personality registered for level 5
[   10.065925] md: raid4 personality registered for level 4
[   10.076850] md: raid10 personality registered for level 10
done.
Begin: Running /scripts/init-premount ... done.
Begin: Mounting root file system ... Begin: Running /scripts/local-top ... done.
Begin: Running /scripts/local-premount ... [   10.127002] Btrfs loaded
Scanning for Btrfs filesystems
done.
Warning: fsck not present, so skipping root file system
[   10.175466] EXT4-fs (sda1): mounted filesystem with ordered data mode. Opts: (null)
done.
Begin: Running /scripts/local-bottom ... done.
Begin: Running /scripts/init-bottom ... done.
[   10.328189] systemd[1]: systemd 229 running in system mode. (+PAM +AUDIT +SELINUX +IMA +APPARMOR +SMACK +SYSVINIT +UTMP +LIBCRYPTSETUP +GCRYPT +GNUTLS +ACL +XZ -LZ4 +SECCOMP +BLKID +ELFUTILS +KMOD -IDN)
[   10.344687] systemd[1]: Detected virtualization oracle.
[   10.349639] systemd[1]: Detected architecture x86-64.

Welcome to [1mUbuntu 16.04.7 LTS[0m!

[   10.364101] systemd[1]: Set hostname to <ubuntu>.
[   10.372377] systemd[1]: Initializing machine ID from random generator.
[   10.383875] systemd[1]: Installed transient /etc/machine-id file.
[   10.608413] systemd[1]: Listening on Journal Socket (/dev/log).
[[0;32m  OK  [0m] Listening on Journal Socket (/dev/log).
[   10.614520] systemd[1]: Listening on Device-mapper event daemon FIFOs.
[[0;32m  OK  [0m] Listening on Device-mapper event daemon FIFOs.
[   10.627568] systemd[1]: Listening on LVM2 metadata daemon socket.
[[0;32m  OK  [0m] Listening on LVM2 metadata daemon socket.
[   10.646407] systemd[1]: Reached target Swap.
[[0;32m  OK  [0m] Reached target Swap.
[   10.653149] systemd[1]: Listening on udev Kernel Socket.
[[0;32m  OK  [0m] Listening on udev Kernel Socket.
[   10.661551] systemd[1]: Listening on Syslog Socket.
[[0;32m  OK  [0m] Listening on Syslog Socket.
[   10.669257] systemd[1]: Set up automount Arbitrary Executable File Formats File System Automount Point.
[[0;32m  OK  [0m] Set up automount Arbitrary Executab...ats File System Automount Point.
[   10.687552] systemd[1]: Started Trigger resolvconf update for networkd DNS.
[[0;32m  OK  [0m] Started Trigger resolvconf update for networkd DNS.
[   10.699571] systemd[1]: Started Forward Password Requests to Wall Directory Watch.
[[0;32m  OK  [0m] Started Forward Password Requests to Wall Directory Watch.
[   10.708603] systemd[1]: Listening on udev Control Socket.
[[0;32m  OK  [0m] Listening on udev Control Socket.
[   10.715791] systemd[1]: Listening on Journal Socket.
[[0;32m  OK  [0m] Listening on Journal Socket.
[   10.722521] systemd[1]: Reached target Encrypted Volumes.
[[0;32m  OK  [0m] Reached target Encrypted Volumes.
[   10.735526] systemd[1]: Listening on /dev/initctl Compatibility Named Pipe.
[[0;32m  OK  [0m] Listening on /dev/initctl Compatibility Named Pipe.
[   10.743798] systemd[1]: Reached target User and Group Name Lookups.
[[0;32m  OK  [0m] Reached target User and Group Name Lookups.
[   10.753471] systemd[1]: Listening on LVM2 poll daemon socket.
[[0;32m  OK  [0m] Listening on LVM2 poll daemon socket.
[   10.772363] systemd[1]: Reached target System Time Synchronized.
[[0;32m  OK  [0m] Reached target System Time Synchronized.
[   10.790938] systemd[1]: Created slice User and Session Slice.
[[0;32m  OK  [0m] Created slice User and Session Slice.
[   10.796128] systemd[1]: Listening on fsck to fsckd communication Socket.
[[0;32m  OK  [0m] Listening on fsck to fsckd communication Socket.
[   10.801999] systemd[1]: Listening on Journal Audit Socket.
[[0;32m  OK  [0m] Listening on Journal Audit Socket.
[   10.815907] systemd[1]: Created slice System Slice.
[[0;32m  OK  [0m] Created slice System Slice.
[   10.839456] systemd[1]: Starting Set console keymap...
         Starting Set console keymap...
[   10.849398] systemd[1]: Starting Monitoring of LVM2 mirrors, snapshots etc. using dmeventd or progress polling...
         Starting Monitoring of LVM2 mirrors... dmeventd or progress polling...
[   10.871756] systemd[1]: Reached target Slices.
[[0;32m  OK  [0m] Reached target Slices.
[   10.882294] systemd[1]: Created slice system-serial\x2dgetty.slice.
[[0;32m  OK  [0m] Created slice system-serial\x2dgetty.slice.
[   10.911507] systemd[1]: Starting File System Check on Root Device...
         Starting File System Check on Root Device...
[   10.926472] systemd[1]: Starting Journal Service...
         Starting Journal Service...
[   10.941092] systemd[1]: Starting Nameserver information manager...
         Starting Nameserver information manager...
[   10.964324] random: nonblocking pool is initialized
[   10.977942] systemd[1]: Starting Load Kernel Modules...
         Starting Load Kernel Modules...
[   11.000086] systemd[1]: Mounting POSIX Message Queue File System...
         Mounting POSIX Message Queue File System...
[   11.024877] systemd[1]: Mounting Debug File System...
[   11.036898] Loading iSCSI transport class v2.0-870.
         Mounting Debug File System...
[   11.053602] systemd[1]: Mounting Huge Pages File System...
         Mounting Huge Pages File System...
[   11.066216] systemd[1]: Starting Uncomplicated firewall...
[   11.074865] iscsi: registered transport (tcp)
         Starting Uncomplicated firewall...
[   11.088377] systemd[1]: Starting Create list of required static device nodes for the current kernel...
         Starting Create list of required st... nodes for the current kernel...
[   11.118646] systemd[1]: Mounted Huge Pages File System.
[[0;32m  OK  [0m] Mounted Huge Pages File System.
[   11.144697] systemd[1]: Mounted POSIX Message Queue File System.
[[0;32m  OK  [0m] Mounted POSIX Message Queue File System.
[   11.168324] systemd[1]: Mounted Debug File System.
[[0;32m  OK  [0m] Mounted Debug File System.
[   11.182118] systemd[1]: Started Journal Service.
[[0;32m  OK  [0m] Started Journal Service.
[[0;32m  OK  [0m] Started Set console keymap.
[[0;32m  OK  [0m] Started File System Check on Root Device.
[   11.220622] iscsi: registered transport (iser)
[[0;32m  OK  [0m] Started Load Kernel Modules.
[[0;32m  OK  [0m] Started Uncomplicated firewall.
[[0;32m  OK  [0m] Started Create list of required sta...ce nodes for the current kernel.
[[0;32m  OK  [0m] Started Nameserver information manager.
[[0;32m  OK  [0m] Started File System Check Daemon to report status.
[[0;32m  OK  [0m] Started LVM2 metadata daemon.
         Starting Create Static Device Nodes in /dev...
         Starting Apply Kernel Variables...
         Mounting FUSE Control File System...
         Starting Remount Root and Kernel File Systems...
[[0;32m  OK  [0m] Mounted FUSE Control File System.
[   11.384046] EXT4-fs (sda1): re-mounted. Opts: (null)
[[0;32m  OK  [0m] Started Remount Root and Kernel File Systems.
[[0;32m  OK  [0m] Started Apply Kernel Variables.
         Starting udev Coldplug all Devices...
         Starting Load/Save Random Seed...
         Starting Flush Journal to Persistent Storage...
[[0;32m  OK  [0m] Started Create Static Device Nodes in /dev.
         Starting udev Kernel Device Manager...
[[0;32m  OK  [0m] Started Load/Save Random Seed.
[[0;32m  OK  [0m] Started Flush Journal to Persistent Storage.
[[0;32m  OK  [0m] Started udev Kernel Device Manager.
[[0;32m  OK  [0m] Started udev Coldplug all Devices.
[[0;32m  OK  [0m] Started Dispatch Password Requests to Console Directory Watch.
[[0;32m  OK  [0m] Found device /dev/ttyS0.
[[0;32m  OK  [0m] Started Monitoring of LVM2 mirrors,...ng dmeventd or progress polling.
[[0;32m  OK  [0m] Reached target Local File Systems (Pre).
[[0;32m  OK  [0m] Reached target Local File Systems.
         Starting Tell Plymouth To Write Out Runtime Data...
         Starting Initial cloud-init job (pre-networking)...
         Starting LSB: AppArmor initialization...
         Starting Create Volatile Files and Directories...
         Starting Commit a transient machine-id on disk...
         Starting Set console font and keymap...
[[0;32m  OK  [0m] Started Tell Plymouth To Write Out Runtime Data.
[[0;32m  OK  [0m] Started Create Volatile Files and Directories.
         Starting Update UTMP about System Boot/Shutdown...
[[0;32m  OK  [0m] Started Commit a transient machine-id on disk.
[[0;32m  OK  [0m] Started Update UTMP about System Boot/Shutdown.
[[0;32m  OK  [0m] Listening on Load/Save RF Kill Switch Status /dev/rfkill Watch.
[   13.032183] cloud-init[517]: Cloud-init v. 21.1-19-gbad84ad4-0ubuntu1~16.04.2 running 'init-local' at Wed, 07 Dec 2022 05:05:41 +0000. Up 12.24 seconds.
[[0;32m  OK  [0m] Started Initial cloud-init job (pre-networking).
[[0;32m  OK  [0m] Reached target Network (Pre).
[[0;32m  OK  [0m] Started Set console font and keymap.
[[0;32m  OK  [0m] Created slice system-getty.slice.
[[0;32m  OK  [0m] Started LSB: AppArmor initialization.
         Starting Load AppArmor profiles managed internally by snapd...
         Starting Raise network interfaces...
[[0;32m  OK  [0m] Started Load AppArmor profiles managed internally by snapd.
[[0;32m  OK  [0m] Started Raise network interfaces.
[[0;32m  OK  [0m] Reached target Network.
         Starting Initial cloud-init job (metadata service crawler)...
[   16.002487] cloud-init[960]: Cloud-init v. 21.1-19-gbad84ad4-0ubuntu1~16.04.2 running 'init' at Wed, 07 Dec 2022 05:05:44 +0000. Up 14.93 seconds.
[   16.020607] cloud-init[960]: ci-info: ++++++++++++++++++++++++++++++++++++++Net device info+++++++++++++++++++++++++++++++++++++++
[   16.024799] cloud-init[960]: ci-info: +--------+-------+----------------------------+---------------+--------+-------------------+
[   16.037194] cloud-init[960]: ci-info: | Device |   Up  |          Address           |      Mask     | Scope  |     Hw-Address    |
[   16.041047] cloud-init[960]: ci-info: +--------+-------+----------------------------+---------------+--------+-------------------+
[   16.060453] cloud-init[960]: ci-info: | enp0s3 |  True |         10.0.2.15          | 255.255.255.0 | global | 02:be:82:6b:cc:1d |
[   16.068594] cloud-init[960]: ci-info: | enp0s3 |  True | fe80::be:82ff:fe6b:cc1d/64 |       .       |  link  | 02:be:82:6b:cc:1d |
[   16.083254] [cloud-init[0;32m  OK  [0m[960]: ] ci-info: | enp0s8 | False |             .              |       .       |   .    | 08:00:27:a4:90:35 |Started Initial cloud-init job (metadata service crawler).

[   16.088683] cloud-init[960]: ci-info: |   lo   |  True |         127.0.0.1          |   255.0.0.0   |  host  |         .         |
[   16.096406] cloud-init[960]: ci-info: |   lo   |  True |          ::1/128           |       .       |  host  |         .         |
[[0;32m  OK  [0m] Reached target Cloud-config availability.
[[0;32m  OK  [0m] Reached target Network is Online.
[   16.097873] cloud-init[960]: ci-info: +--------+-------+----------------------------+---------------+--------+-------------------+
[   16.112371] cloud-init[960]: ci-info: +++++++++++++++++++++++++++Route IPv4 info++++++++++++++++++++++++++++
[   16.128359] cloud-init[960]: ci-info: +-------+-------------+----------+---------------+-----------+-------+
         Starting iSCSI initiator daemon (iscsid)...
[[0;32m  OK  [0m] Reached target System Initialization.
[[0;32m  OK  [0m] Started Ubuntu Advantage update messaging.
[[0;32m  OK  [0m] Listening on UUID daemon activation socket.
[   16.146458] cloud-init[960]: ci-info: | Route | Destination | Gateway  |    Genmask    | Interface | Flags |
[   16.168360] cloud-init[960]: ci-info: +-------+-------------+----------+---------------+-----------+-------+
[   16.171717] cloud-init[960]: ci-info: |   0   |   0.0.0.0   | 10.0.2.2 |    0.0.0.0    |   enp0s3  |   UG  |
[[0;32m  OK  [0m] Started ACPI Events Check.
[[0;32m  OK  [0m] Reached target Paths.
[[0;32m  OK  [0m] Started Daily apt download activities.
[   16.185692] cloud-init[960]: ci-info: |   1   |   10.0.2.0  | 0.0.0.0  | 255.255.255.0 |   enp0s3  |   U   |
[   16.216434] cloud-init[960]: ci-info: +-------+-------------+----------+---------------+-----------+-------+
[   16.224496] cloud-init[960]: ci-info: +++++++++++++++++++Route IPv6 info+++++++++++++++++++
         Starting LXD - unix socket.
[[0;32m  OK  [0m] Started Daily Cleanup of Temporary Directories.
[   16.233451] cloud-init[960]: ci-info: +-------+-------------+---------+-----------+-------+
[   16.245341] cloud-init[960]: ci-info: | Route | Destination | Gateway | Interface | Flags |
[[0;32m  OK  [0m] Started Message of the Day.
[   16.261601] cloud-init[960]: ci-info: +-------+-------------+---------+-----------+-------+
         Starting Socket activation for snappy daemon.
[[0;32m  OK  [0m] Listening on D-Bus System Message Bus Socket.
[   16.270772] cloud-init[960]: ci-info: |   0   |  fe80::/64  |    ::   |   enp0s3  |   U   |
[[0;32m  OK  [0m] Started Daily apt upgrade and clean activities.
[[0;32m  OK  [0m] Reached target Timers.
[[0;32m  OK  [0m] Listening on ACPID Listen Socket.
[   16.286486] cloud-init[960]: ci-info: |   3   |   ff00::/8  |    ::   |   enp0s3  |   U   |
[   16.296311] cloud-init[960]: ci-info: +-------+-------------+---------+-----------+-------+
[   16.304319] cloud-init[960]: Generating public/private rsa key pair.
[   16.306446] cloud-init[960]: Your identification has been saved in /etc/ssh/ssh_host_rsa_key.
[   16.307058] cloud-init[960]: Your public key has been saved in /etc/ssh/ssh_host_rsa_key.pub.
[   16.308373] cloud-init[960]: The key fingerprint is:
[   16.308692] cloud-init[960]: SHA256:4vELzSI1SD1pkrMwTEyDCTjUmX41y96gErqzAxlPkMA root@ubuntu-xenial
[   16.309447] cloud-init[960]: The key's randomart image is:
[   16.310282] cloud-init[960]: +---[RSA 2048]----+
[   16.310562] cloud-init[960]: |OB= o            |
[   16.310832] cloud-init[960]: |BE.= o +         |
[   16.311112] cloud-init[960]: | o= = B o        |
[   16.311482] [cloud-init[960]: |. .* B =         |
[   16.311977] cloud-init[960]: | =. = B S        |
[   16.312507] cloud-init[0;32m  OK  [0m[960]: ] |o... + O .       |
Listening on LXD - unix socket.
[   16.313062] cloud-init[960]: |. . o + +        |
[   16.323476] cloud-init[960]: | +   . o .       |
[   16.323824] cloud-init[960]: | .+     .        |
[   16.327804] cloud-init[960]: +----[SHA256]-----+
[[0;32m  OK  [0m] Listening on Socket activation for snappy daemon.
[[0;32m  OK  [0m[   16.330340] cloud-init[960]: Generating public/private dsa key pair.
[   16.341647] cloud-init[960]: Your identification has been saved in /etc/ssh/ssh_host_dsa_key.
[   16.342365] cloud-init[960]: Your public key has been saved in /etc/ssh/ssh_host_dsa_key.pub.
[   16.342787] cloud-init[960]: The key fingerprint is:
[   16.343119] cloud-init[960]: SHA256:LKcCuWKOhQaatkwGll5MigW+b08DfbjYnA/gIqLXg2k root@ubuntu-xenial
] Started iSCSI initiator daemon (iscsid).
[   16.343297] cloud-init[960]: The key's randomart image is:
[   16.343833] cloud-init[960]: +---[DSA 1024]----+
[   16.364454] cloud-init[960]: |.                |
[   16.372487] cloud-init[960]: |..               |
         Starting Login to default iSCSI targets...
[[0;32m  OK  [0m] Reached target Sockets.
[[0;32m  OK  [0m] Reached target Basic System.
         Starting LSB: Record successful boot for GRUB...
[   16.375828] cloud-init[960]: | ...             |
[   16.382350] cloud-init[960]: |..*.. ..         |
[   16.387814]          cloud-initStarting /etc/rc.local Compatibility...[960]: 
|+=o= o..S        |
         Starting LXD - container startup/shutdown...
[   16.391641] cloud-init[960]: |*o+o* ++         |
[[0;32m  OK  [0m] Started Deferred execution scheduler.
         Starting LSB: MD monitoring daemon...
[[0;32m  OK  [0m] Started D-Bus System Message Bus.
[   16.395976] cloud-init[960]: |BOoO.O.          |
[   16.408534] cloud-init[960]: |&oE =.+          |
[   16.411206] cloud-init[960]: |o*   o .         |
[   16.420493] cloud-init[960]: +----[SHA256]-----+
[   16.422795] cloud-init[960]: Generating public/private ecdsa key pair.
[   16.432466] cloud-init[960]: Your identification has been saved in /etc/ssh/ssh_host_ecdsa_key.
[   16.435870] cloud-init[960]: Your public key has been saved in /etc/ssh/ssh_host_ecdsa_key.pub.
[   16.441115] cloud-init[960]: The key fingerprint is:
[   16.448391] cloud-init[960]: SHA256:89l55HZnv6rgkN3ePw8qAnH1MsSUxnoV7Ma0TgvvXII root@ubuntu-xenial
[   16.452514] cloud-init[960]: The key's randomart image is:
[   16.460382] cloud-init[960]: +---[ECDSA 256]---+
[   16.462890] cloud-init[960]: |         +.o..   |
[   16.464998] cloud-init[960]: |          B +    |
[   16.467340] cloud-init[960]: |         = * .   |
[   16.476742] cloud-init[960]: |      . o = B    |
         Starting Virtualbox guest utils...
[   16.490302] cloud-init[960]: |       oS. X ..  |
         [   16.499791] cloud-init[960]: |      . ooEo=+.  |
[   16.501635] cloud-init[960]: |       + oo+oo= +|
[   16.502241] cloud-init[960]: |        + + ++ =o|
[   16.503214] cloud-init[960]: |         o +oooo*|
[   16.503790] cloud-init[960]: +----[SHA256]-----+
[   16.504388] cloud-init[960]: Generating public/private ed25519 key pair.
[   16.504553] cloud-init[960]: Your identification has been saved in /etc/ssh/ssh_host_ed25519_key.
[   16.504652] cloud-init[960]: Your public key has been saved in /etc/ssh/ssh_host_ed25519_key.pub.
[   16.505264] cloud-init[960]: The key fingerprint is:
Starting Snap Daemon...
[   16.506207] cloud-init[960]: SHA256:WqywzzGb1dxriD1OS9pT4qondzeAp61ORV5xert3MNc root@ubuntu-xenial
[   16.518883]          Starting Pollinate to seed the pseudo random number generator...
cloud-init[960]: The key's randomart image is:
         Starting System Logging Service...
[   16.533837] cloud-init[960]: +--[ED25519 256]--+
[   16.540969] cloud-init[960]: |            . .  |
[[0;32m  OK  [0m] Started FUSE filesystem for LXC.
[   16.547277] cloud-init[960]: |             +   |
[[0;32m  OK  [0m] Started ACPI event daemon.
[[0;32m  OK  [0m] Started Regular background program processing daemon.
[   16.558214] cloud-init[960]: |          . o .  |
[   16.574378] cloud-init[960]: |       . o . . ..|
         Starting Accounts Service...
[   16.574871] cloud-init[960]: |    .   S.o   + E|
         Starting Login Service...
[[0;32m  OK  [0m] Started /etc/rc.local Compatibility.
[   16.583741] cloud-init[960]: |     o +.++..  = |
[   16.594247] cloud-init[960]: |    . = oB==. . o|
[   16.606561] cloud-init[960]: |     o.B==O.+. ..|
[   16.611113] cloud-init[960]: |      **==+=..   |
[   16.611522] [[0;32m  OK  [0m] Started System Logging Service.cloud-init[960]: +----[SHA256]-----+

[[0;32m  OK  [0m] Started LXD - container startup/shutdown.
[[0;32m  OK  [0m] Started Login to default iSCSI targets.
[[0;32m  OK  [0m] Reached target Remote File Systems (Pre).
[[0;32m  OK  [0m] Reached target Remote File Systems.
         Starting LSB: automatic crash report generation...
         Starting LSB: daemon to balance interrupts for SMP systems...
         Starting LSB: Set the CPU Frequency Scaling governor to "ondemand"...
         Starting Permit User Sessions...
[[0;32m  OK  [0m] Started Login Service.
[[0;32m  OK  [0m] Started Unattended Upgrades Shutdown.
[[0;32m  OK  [0m] Started Permit User Sessions.
         Starting Hold until boot process finishes up...
         Starting Terminate Plymouth Boot Screen...
[[0;32m  OK  [0m] Started LSB: Record successful boot for GRUB.
[[0;32m  OK  [0m] Started Terminate Plymouth Boot Screen.
         Starting Authenticate and Authorize Users to Run Privileged Tasks...
[[0;32m  OK  [0m] Started LSB: MD monitoring daemon.
[[0;32m  OK  [0m] Started Hold until boot process finishes up.
         Starting Set console scheme...
[[0;32m  OK  [0m] Started Serial Getty on ttyS0.
[[0;32m  OK  [0m] Started Getty on tty1.
[[0;32m  OK  [0m] Reached target Login Prompts.
[[0;32m  OK  [0m] Started LSB: Set the CPU Frequency Scaling governor to "ondemand".
[[0;32m  OK  [0m] Started Set console scheme.
[[0;32m  OK  [0m] Started Authenticate and Authorize Users to Run Privileged Tasks.
[[0;32m  OK  [0m] Started Accounts Service.
[[0;32m  OK  [0m] Started LSB: daemon to balance interrupts for SMP systems.
[[0;32m  OK  [0m] Started LSB: automatic crash report generation.
[[0;32m  OK  [0m] Started Virtualbox guest utils.
[[0;32m  OK  [0m] Started Snap Daemon.
         Starting Wait until snapd is fully seeded...
[[0;32m  OK  [0m] Started Pollinate to seed the pseudo random number generator.
         Starting OpenBSD Secure Shell server...
[[0;32m  OK  [0m] Started OpenBSD Secure Shell server.
[[0;32m  OK  [0m] Created slice User Slice of vagrant.
         Starting User Manager for UID 1000...
[[0;32m  OK  [0m] Started Session 1 of user vagrant.
[[0;32m  OK  [0m] Started User Manager for UID 1000.
[[0;32m  OK  [0m] Started Wait until snapd is fully seeded.
         Starting Apply the settings specified in cloud-config...
[[0;32m  OK  [0m] Reached target Multi-User System.
[[0;32m  OK  [0m] Reached target Graphical Interface.
         Starting Update UTMP about System Runlevel Changes...
[[0;32m  OK  [0m] Started Update UTMP about System Runlevel Changes.
[   21.310538] cloud-init[1378]: Generating locales (this might take a while)...
[   22.743332] cloud-init[1378]:   en_US.UTF-8... done
[   22.743957] cloud-init[1378]: Generation complete.

Ubuntu 16.04.7 LTS ubuntu-xenial ttyS0

ubuntu-xenial login: [   23.345894] cloud-init[1378]: Cloud-init v. 21.1-19-gbad84ad4-0ubuntu1~16.04.2 running 'modules:config' at Wed, 07 Dec 2022 05:05:50 +0000. Up 21.09 seconds.
ci-info: no authorized SSH keys fingerprints found for user ubuntu.
<14>Dec  7 05:05:54 ec2: 
<14>Dec  7 05:05:54 ec2: #############################################################
<14>Dec  7 05:05:54 ec2: -----BEGIN SSH HOST KEY FINGERPRINTS-----
<14>Dec  7 05:05:54 ec2: 1024 SHA256:LKcCuWKOhQaatkwGll5MigW+b08DfbjYnA/gIqLXg2k root@ubuntu-xenial (DSA)
<14>Dec  7 05:05:54 ec2: 256 SHA256:89l55HZnv6rgkN3ePw8qAnH1MsSUxnoV7Ma0TgvvXII root@ubuntu-xenial (ECDSA)
<14>Dec  7 05:05:54 ec2: 256 SHA256:WqywzzGb1dxriD1OS9pT4qondzeAp61ORV5xert3MNc root@ubuntu-xenial (ED25519)
<14>Dec  7 05:05:54 ec2: 2048 SHA256:4vELzSI1SD1pkrMwTEyDCTjUmX41y96gErqzAxlPkMA root@ubuntu-xenial (RSA)
<14>Dec  7 05:05:54 ec2: -----END SSH HOST KEY FINGERPRINTS-----
<14>Dec  7 05:05:54 ec2: #############################################################
-----BEGIN SSH HOST KEY KEYS-----
ecdsa-sha2-nistp256 AAAAE2VjZHNhLXNoYTItbmlzdHAyNTYAAAAIbmlzdHAyNTYAAABBBAA7Y68P2Q4MNenG3viVOCwTLtA2yKyB2sAerYT6UHWvMCvh1eVZOz5o3FHWA0q3neVLR499KCX+4MFqFb0H6KE= root@ubuntu-xenial
ssh-ed25519 AAAAC3NzaC1lZDI1NTE5AAAAIMi/Szt5K4NZAOi02j9VFSseul9w0tYTY9dp2XOOq+C9 root@ubuntu-xenial
ssh-rsa AAAAB3NzaC1yc2EAAAADAQABAAABAQCkH6f3mCVXX2XB5S3YKwxm41S5wMKlbNNrmGs6qGig+Qsq/XICxo2RVRH6K2wgaOZECgNDRAPfTe1pNARtZVq6oDQs1iQnqNZ7SH/KoTb3uy37T8+hNAQ+jiv3u+CscmJ7wkp4FtOSbi3P7kHUP+GYdKPqDuKeqOAexMLlkPoHZShKFPNDDWe2qrLRlqm4VmCG7YXqXrOAyNnRpyqZDOM6l4ra/WJGmBabQx5FiDfPf+j2M6byCQEG3xwNsVYngN7BN59lPVvY8NVCl0rB0+bv58XK1c0UwRBJFnUnXAsfe2PIK3s9xyDsVByp88FuSbaKoGFl5/61je2zROKEMrUh root@ubuntu-xenial
-----END SSH HOST KEY KEYS-----
[   24.499181] cloud-init[1531]: Cloud-init v. 21.1-19-gbad84ad4-0ubuntu1~16.04.2 running 'modules:final' at Wed, 07 Dec 2022 05:05:53 +0000. Up 24.10 seconds.
[   24.499616] cloud-init[1531]: ci-info: no authorized SSH keys fingerprints found for user ubuntu.
[   24.499908] cloud-init[1531]: Cloud-init v. 21.1-19-gbad84ad4-0ubuntu1~16.04.2 finished at Wed, 07 Dec 2022 05:05:54 +0000. Datasource DataSourceNoCloud [seed=/dev/sdb][dsmode=net].  Up 24.47 seconds
[30366.441821] e1000 0000:00:03.0 enp0s3: Reset adapter
